[2025-05-29 12:52:18] HTTP: [0mOPTIONS /user/login [32m204[0m 1.055 ms - 0[0m
[2025-05-29 12:52:18] HTTP: [0mPOST /user/login [32m200[0m 277.445 ms - 615[0m
[2025-05-29 13:20:42] HTTP: [0mOPTIONS /api/user/categories?page=1&limit=6 [32m204[0m 2.389 ms - 0[0m
[2025-05-29 13:20:42] HTTP: [0mOPTIONS /api/user/categories?page=1&limit=6 [32m204[0m 0.259 ms - 0[0m
[2025-05-29 13:20:42] HTTP: [0mGET /api/user/categories?page=1&limit=6 [33m401[0m 25.276 ms - 38[0m
[2025-05-29 13:20:42] HTTP: [0mGET /api/user/categories?page=1&limit=6 [33m401[0m 3.041 ms - 38[0m
[2025-05-29 13:20:42] HTTP: [0mOPTIONS /refreshtoken [32m204[0m 0.235 ms - 0[0m
[2025-05-29 13:20:42] HTTP: [0mPOST /refreshtoken [33m404[0m 26.361 ms - 152[0m
[2025-05-29 13:24:30] HTTP: [0mOPTIONS /api/user/login [32m204[0m 1.036 ms - 0[0m
[2025-05-29 13:24:30] HTTP: [0mPOST /api/user/login [32m200[0m 197.571 ms - 615[0m
[2025-05-29 13:25:50] HTTP: [0mOPTIONS /api/refreshtoken [32m204[0m 0.324 ms - 0[0m
[2025-05-29 13:25:50] HTTP: [0mPOST /api/refreshtoken [33m404[0m 3.167 ms - 156[0m
[2025-05-29 13:33:39] HTTP: [0mOPTIONS /api/user/login [32m204[0m 1.257 ms - 0[0m
[2025-05-29 13:33:39] HTTP: [0mPOST /api/user/login [32m200[0m 197.960 ms - 615[0m
[2025-05-29 13:33:50] HTTP: [0mOPTIONS /api/refreshtoken [32m204[0m 0.164 ms - 0[0m
[2025-05-29 13:33:50] HTTP: [0mPOST /api/refreshtoken [32m200[0m 8.793 ms - 271[0m
[2025-05-29 13:34:15] HTTP: [0mOPTIONS /api/user/categories?page=1&limit=6 [32m204[0m 0.123 ms - 0[0m
[2025-05-29 13:34:15] HTTP: [0mOPTIONS /api/user/categories?page=1&limit=6 [32m204[0m 0.167 ms - 0[0m
[2025-05-29 13:34:15] HTTP: [0mGET /api/user/categories?page=1&limit=6 [32m200[0m 68.808 ms - 1836[0m
[2025-05-29 13:34:15] HTTP: [0mGET /api/user/categories?page=1&limit=6 [36m304[0m 76.058 ms - -[0m
[2025-05-29 13:34:43] HTTP: [0mOPTIONS /api/refreshtoken [32m204[0m 0.239 ms - 0[0m
[2025-05-29 13:34:43] HTTP: [0mPOST /api/refreshtoken [32m200[0m 5.496 ms - 271[0m
[2025-05-29 13:34:43] HTTP: [0mOPTIONS /api/user/categories?page=1&limit=6 [32m204[0m 0.263 ms - 0[0m
[2025-05-29 13:34:43] HTTP: [0mOPTIONS /api/user/categories?page=1&limit=6 [32m204[0m 0.235 ms - 0[0m
[2025-05-29 13:34:43] HTTP: [0mGET /api/user/categories?page=1&limit=6 [36m304[0m 116.553 ms - -[0m
[2025-05-29 13:34:43] HTTP: [0mGET /api/user/categories?page=1&limit=6 [36m304[0m 107.224 ms - -[0m
[2025-05-29 13:35:03] HTTP: [0mOPTIONS /api/refreshtoken [32m204[0m 0.176 ms - 0[0m
[2025-05-29 13:35:03] HTTP: [0mPOST /api/refreshtoken [33m404[0m 1.216 ms - 48[0m
[2025-05-29 16:19:36] HTTP: [0mOPTIONS /api/admin/login [32m204[0m 7.507 ms - 0[0m
[2025-05-29 16:19:36] HTTP: [0mPOST /api/admin/login [32m200[0m 410.593 ms - 711[0m
[2025-05-29 16:19:47] HTTP: [0mOPTIONS /api/user/login [32m204[0m 0.175 ms - 0[0m
[2025-05-29 16:19:47] HTTP: [0mPOST /api/user/login [32m200[0m 215.620 ms - 615[0m
[2025-05-29 16:19:53] HTTP: [0mOPTIONS /api/admin/userslist?page=1&limit=6 [32m204[0m 0.739 ms - 0[0m
[2025-05-29 16:19:53] HTTP: [0mOPTIONS /api/admin/userslist?page=1&limit=6 [32m204[0m 0.271 ms - 0[0m
[2025-05-29 16:19:53] HTTP: [0mGET /api/admin/userslist?page=1&limit=6 [32m200[0m 165.970 ms - 2059[0m
[2025-05-29 16:19:53] HTTP: [0mGET /api/admin/userslist?page=1&limit=6 [36m304[0m 168.266 ms - -[0m
[2025-05-29 16:19:56] HTTP: [0mOPTIONS /api/admin/userslist?page=2&limit=6 [32m204[0m 0.232 ms - 0[0m
[2025-05-29 16:19:56] HTTP: [0mGET /api/admin/userslist?page=2&limit=6 [32m200[0m 88.402 ms - 2059[0m
[2025-05-29 16:20:00] HTTP: [0mOPTIONS /api/admin/blockuser/682d58ef51a4421ebb4e01ad [32m204[0m 0.272 ms - 0[0m
[2025-05-29 16:20:00] HTTP: [0mPATCH /api/admin/blockuser/682d58ef51a4421ebb4e01ad [32m200[0m 232.182 ms - 357[0m
[2025-05-29 16:20:07] HTTP: [0mOPTIONS /api/user/categories?page=1&limit=6 [32m204[0m 0.238 ms - 0[0m
[2025-05-29 16:20:07] HTTP: [0mOPTIONS /api/user/categories?page=1&limit=6 [32m204[0m 0.285 ms - 0[0m
[2025-05-29 16:20:08] HTTP: [0mGET /api/user/categories?page=1&limit=6 [36m304[0m 287.202 ms - -[0m
[2025-05-29 16:20:08] HTTP: [0mGET /api/user/categories?page=1&limit=6 [36m304[0m 239.118 ms - -[0m
[2025-05-29 16:20:35] HTTP: [0mOPTIONS /api/user/categories?page=1&limit=6 [32m204[0m 0.316 ms - 0[0m
[2025-05-29 16:20:35] HTTP: [0mOPTIONS /api/user/categories?page=1&limit=6 [32m204[0m 0.229 ms - 0[0m
[2025-05-29 16:20:35] HTTP: [0mGET /api/user/categories?page=1&limit=6 [36m304[0m 104.674 ms - -[0m
[2025-05-29 16:20:35] HTTP: [0mGET /api/user/categories?page=1&limit=6 [36m304[0m 87.536 ms - -[0m
[2025-05-29 16:21:26] HTTP: [0mOPTIONS /api/user/logout [32m204[0m 1.669 ms - 0[0m
[2025-05-29 16:21:26] HTTP: [0mGET /api/user/logout [33m401[0m 23.070 ms - 38[0m
[2025-05-29 16:21:26] HTTP: [0mOPTIONS /api/refreshtoken [32m204[0m 0.441 ms - 0[0m
[2025-05-29 16:21:26] HTTP: [0mPOST /api/refreshtoken [32m200[0m 29.736 ms - 271[0m
[2025-05-29 16:21:26] HTTP: [0mGET /api/user/logout [32m200[0m 5.891 ms - 52[0m
[2025-05-29 16:21:33] HTTP: [0mOPTIONS /api/admin/blockuser/682d58ef51a4421ebb4e01ad [32m204[0m 0.187 ms - 0[0m
[2025-05-29 16:21:33] HTTP: [0mPATCH /api/admin/blockuser/682d58ef51a4421ebb4e01ad [33m401[0m 4.031 ms - 38[0m
[2025-05-29 16:21:33] HTTP: [0mOPTIONS /api/refreshtoken [32m204[0m 0.311 ms - 0[0m
[2025-05-29 16:21:33] HTTP: [0mPOST /api/refreshtoken [32m200[0m 20.901 ms - 273[0m
[2025-05-29 16:21:33] HTTP: [0mPATCH /api/admin/blockuser/682d58ef51a4421ebb4e01ad [32m200[0m 252.933 ms - 358[0m
[2025-05-29 16:21:51] HTTP: [0mOPTIONS /api/user/login [32m204[0m 0.228 ms - 0[0m
[2025-05-29 16:21:51] HTTP: [0mPOST /api/user/login [32m200[0m 180.601 ms - 615[0m
[2025-05-29 16:21:58] HTTP: [0mOPTIONS /api/admin/blockuser/682d58ef51a4421ebb4e01ad [32m204[0m 0.259 ms - 0[0m
[2025-05-29 16:21:58] HTTP: [0mPATCH /api/admin/blockuser/682d58ef51a4421ebb4e01ad [32m200[0m 108.088 ms - 357[0m
[2025-05-29 16:22:03] HTTP: [0mOPTIONS /api/user/categories?page=1&limit=6 [32m204[0m 0.218 ms - 0[0m
[2025-05-29 16:22:03] HTTP: [0mOPTIONS /api/user/categories?page=1&limit=6 [32m204[0m 0.314 ms - 0[0m
[2025-05-29 16:22:03] HTTP: [0mGET /api/user/categories?page=1&limit=6 [33m403[0m 50.706 ms - 87[0m
[2025-05-29 16:22:03] HTTP: [0mGET /api/user/categories?page=1&limit=6 [33m403[0m 35.102 ms - 87[0m
[2025-05-29 16:22:18] HTTP: [0mOPTIONS /api/admin/blockuser/682d58ef51a4421ebb4e01ad [32m204[0m 0.414 ms - 0[0m
[2025-05-29 16:22:18] HTTP: [0mPATCH /api/admin/blockuser/682d58ef51a4421ebb4e01ad [32m200[0m 125.689 ms - 358[0m
[2025-05-29 16:22:28] HTTP: [0mOPTIONS /api/user/login [32m204[0m 0.252 ms - 0[0m
[2025-05-29 16:22:28] HTTP: [0mPOST /api/user/login [32m200[0m 169.893 ms - 615[0m
[2025-05-29 16:22:42] HTTP: [0mOPTIONS /api/admin/blockuser/682d58ef51a4421ebb4e01ad [32m204[0m 0.208 ms - 0[0m
[2025-05-29 16:22:42] HTTP: [0mPATCH /api/admin/blockuser/682d58ef51a4421ebb4e01ad [33m401[0m 5.271 ms - 38[0m
[2025-05-29 16:22:42] HTTP: [0mOPTIONS /api/refreshtoken [32m204[0m 0.594 ms - 0[0m
[2025-05-29 16:22:42] HTTP: [0mPOST /api/refreshtoken [32m200[0m 31.438 ms - 273[0m
[2025-05-29 16:22:42] HTTP: [0mPATCH /api/admin/blockuser/682d58ef51a4421ebb4e01ad [32m200[0m 140.703 ms - 357[0m
[2025-05-29 16:22:46] HTTP: [0mOPTIONS /api/user/categories?page=1&limit=6 [32m204[0m 0.229 ms - 0[0m
[2025-05-29 16:22:46] HTTP: [0mOPTIONS /api/user/categories?page=1&limit=6 [32m204[0m 0.163 ms - 0[0m
[2025-05-29 16:22:46] HTTP: [0mGET /api/user/categories?page=1&limit=6 [33m403[0m 61.489 ms - 87[0m
[2025-05-29 16:22:46] HTTP: [0mGET /api/user/categories?page=1&limit=6 [33m403[0m 53.244 ms - 87[0m
[2025-05-29 16:23:13] HTTP: [0mOPTIONS /api/admin/blockuser/682d58ef51a4421ebb4e01ad [32m204[0m 0.452 ms - 0[0m
[2025-05-29 16:23:13] HTTP: [0mPATCH /api/admin/blockuser/682d58ef51a4421ebb4e01ad [32m200[0m 97.190 ms - 358[0m
[2025-05-29 16:31:04] HTTP: [0mOPTIONS /api/user/login [32m204[0m 0.106 ms - 0[0m
[2025-05-29 16:31:04] HTTP: [0mPOST /api/user/login [32m200[0m 174.393 ms - 615[0m
[2025-05-29 16:31:14] HTTP: [0mOPTIONS /api/admin/blockuser/682d58ef51a4421ebb4e01ad [32m204[0m 0.182 ms - 0[0m
[2025-05-29 16:31:14] HTTP: [0mPATCH /api/admin/blockuser/682d58ef51a4421ebb4e01ad [33m401[0m 5.197 ms - 38[0m
[2025-05-29 16:31:14] HTTP: [0mOPTIONS /api/refreshtoken [32m204[0m 0.966 ms - 0[0m
[2025-05-29 16:31:14] HTTP: [0mPOST /api/refreshtoken [32m200[0m 7.342 ms - 273[0m
[2025-05-29 16:31:14] HTTP: [0mPATCH /api/admin/blockuser/682d58ef51a4421ebb4e01ad [32m200[0m 261.728 ms - 357[0m
[2025-05-29 16:31:44] HTTP: [0mOPTIONS /api/user/categories?page=1&limit=6 [32m204[0m 0.146 ms - 0[0m
[2025-05-29 16:31:44] HTTP: [0mOPTIONS /api/user/categories?page=1&limit=6 [32m204[0m 0.178 ms - 0[0m
[2025-05-29 16:31:44] HTTP: [0mGET /api/user/categories?page=1&limit=6 [33m403[0m 37.630 ms - 87[0m
[2025-05-29 16:31:44] HTTP: [0mGET /api/user/categories?page=1&limit=6 [0m-[0m - ms - -[0m
[2025-05-29 17:58:12] HTTP: [0mOPTIONS /api/admin/userslist?page=1&limit=6 [32m204[0m 6.958 ms - 0[0m
[2025-05-29 17:58:12] HTTP: [0mOPTIONS /api/admin/userslist?page=1&limit=6 [32m204[0m 0.548 ms - 0[0m
[2025-05-29 17:58:12] HTTP: [0mGET /api/admin/userslist?page=1&limit=6 [33m401[0m 67.867 ms - 38[0m
[2025-05-29 17:58:12] HTTP: [0mGET /api/admin/userslist?page=1&limit=6 [33m401[0m 7.576 ms - 38[0m
[2025-05-29 17:58:12] HTTP: [0mOPTIONS /api/refreshtoken [32m204[0m 0.210 ms - 0[0m
[2025-05-29 17:58:12] HTTP: [0mPOST /api/refreshtoken [32m200[0m 68.000 ms - 273[0m
[2025-05-29 17:58:13] HTTP: [0mGET /api/admin/userslist?page=1&limit=6 [36m304[0m 496.712 ms - -[0m
[2025-05-29 17:58:13] HTTP: [0mGET /api/admin/userslist?page=1&limit=6 [36m304[0m 106.616 ms - -[0m
[2025-05-29 19:03:47] HTTP: [0mOPTIONS /api/admin/userslist?page=1&limit=6 [32m204[0m 9.582 ms - 0[0m
[2025-05-29 19:03:48] HTTP: [0mOPTIONS /api/admin/userslist?page=1&limit=6 [32m204[0m 3.522 ms - 0[0m
[2025-05-29 19:03:48] HTTP: [0mGET /api/admin/userslist?page=1&limit=6 [33m401[0m 88.071 ms - 38[0m
[2025-05-29 19:03:48] HTTP: [0mGET /api/admin/userslist?page=1&limit=6 [33m401[0m 6.597 ms - 38[0m
[2025-05-29 19:03:48] HTTP: [0mOPTIONS /api/refreshtoken [32m204[0m 0.195 ms - 0[0m
[2025-05-29 19:03:48] HTTP: [0mPOST /api/refreshtoken [32m200[0m 66.370 ms - 273[0m
[2025-05-29 19:03:48] HTTP: [0mGET /api/admin/userslist?page=1&limit=6 [36m304[0m 160.631 ms - -[0m
[2025-05-29 19:03:48] HTTP: [0mGET /api/admin/userslist?page=1&limit=6 [36m304[0m 106.141 ms - -[0m
[2025-05-29 21:39:22] HTTP: [0mOPTIONS /api/admin/login [32m204[0m 4.313 ms - 0[0m
[2025-05-29 21:39:22] HTTP: [0mPOST /api/admin/login [32m200[0m 258.641 ms - 711[0m
[2025-05-29 21:46:57] HTTP: [0mOPTIONS /api/admin/logout [32m204[0m 0.327 ms - 0[0m
[2025-05-29 21:46:57] HTTP: [0mGET /api/admin/logout [33m401[0m 33.585 ms - 38[0m
[2025-05-29 21:46:57] HTTP: [0mOPTIONS /api/refreshtoken [32m204[0m 0.320 ms - 0[0m
[2025-05-29 21:46:57] HTTP: [0mPOST /api/refreshtoken [32m200[0m 17.152 ms - 273[0m
[2025-05-29 21:46:57] HTTP: [0mGET /api/admin/logout [32m200[0m 9.669 ms - 52[0m
